[+] Containers:
 |- [+] Container: /Game/Level/CharacterSelect
 |   |- [+] ActorDescs:
 |   |   |- Guid:037044D64CA4C56592CC2DB7130B5B91 BaseClass: NativeClass:/Script/Engine.ExponentialHeightFog Name:ExponentialHeightFog_0 Label:ExponentialHeightFog SpatiallyLoaded:0 Bounds:IsValid=true, Min=(X=-5600.000 Y=-50.000 Z=-6850.000), Max=(X=-5600.000 Y=-50.000 Z=-6850.000) RuntimeGrid:None EditorOnly:0 RuntimeOnly:0 HLODRelevant:0 ListedInSceneOutliner:1 IsMainWorldOnly:0 FolderPath:Lighting FolderGuid:963EC3EB4002CCE9759E2EBA541A873A
 |   |   |- Guid:1E07A5D34CCFA05D80EF20A7390C6A3A BaseClass: NativeClass:/Script/Engine.StaticMeshActor Name:StaticMeshActor_UAID_08BFB8A7114E671D02_2017492248 Label:Box SpatiallyLoaded:1 Bounds:IsValid=true, Min=(X=-1500.000 Y=-1500.000 Z=-25.000), Max=(X=1500.000 Y=1500.000 Z=25.000) RuntimeGrid:None EditorOnly:0 RuntimeOnly:0 HLODRelevant:1 ListedInSceneOutliner:1 IsMainWorldOnly:0
 |   |   |- Guid:23A9BA254EB27B6122C46D8909FCBA0F BaseClass: NativeClass:/Script/Engine.SkeletalMeshActor Name:SkeletalMeshActor_UAID_08BFB8A7114EA72A02_1675280249 Label:SKM_Quinn2 SpatiallyLoaded:1 Bounds:IsValid=true, Min=(X=-54.190 Y=-513.896 Z=25.000), Max=(X=54.801 Y=-472.527 Z=206.034) RuntimeGrid:None EditorOnly:0 RuntimeOnly:0 HLODRelevant:0 ListedInSceneOutliner:1 IsMainWorldOnly:0
 |   |   |- Guid:34A4C3614AB2DAFF3F7D7F8859A5AF8C BaseClass: NativeClass:/Script/Engine.SkeletalMeshActor Name:SkeletalMeshActor_UAID_08BFB8A7114EA72A02_1505432244 Label:SKM_Manny_Simple SpatiallyLoaded:1 Bounds:IsValid=true, Min=(X=470.467 Y=-58.243 Z=25.000), Max=(X=513.742 Y=58.763 Z=205.997) RuntimeGrid:None EditorOnly:0 RuntimeOnly:0 HLODRelevant:0 ListedInSceneOutliner:1 IsMainWorldOnly:0
 |   |   |- Guid:446E3EA64EBC9AF38CC7E88B7BA29F9B BaseClass: NativeClass:/Script/Engine.StaticMeshActor Name:StaticMeshActor_UAID_A4AE111137DC5EFB00_1110535423 Label:SM_SkySphere SpatiallyLoaded:0 Bounds:IsValid=true, Min=(X=-1638400.000 Y=-1638400.000 Z=-1638400.000), Max=(X=1638400.000 Y=1638400.000 Z=1638400.000) RuntimeGrid:None EditorOnly:0 RuntimeOnly:0 HLODRelevant:1 ListedInSceneOutliner:1 IsMainWorldOnly:0 FolderPath:Lighting FolderGuid:963EC3EB4002CCE9759E2EBA541A873A
 |   |   |- Guid:4623AA7240C2EC5762075FAD3111DA0D BaseClass: NativeClass:/Script/Engine.PlayerStart Name:PlayerStart_UAID_08BFB8A7114E761D02_1863961892 Label:PlayerStart SpatiallyLoaded:0 Bounds:IsValid=true, Min=(X=-40.000 Y=-40.000 Z=2028.000), Max=(X=40.000 Y=40.000 Z=2212.000) RuntimeGrid:None EditorOnly:0 RuntimeOnly:0 HLODRelevant:0 ListedInSceneOutliner:1 IsMainWorldOnly:0
 |   |   |- Guid:46A7B336479AAD4FFB6BDB9D96C2F803 BaseClass: NativeClass:/Script/Engine.StaticMeshActor Name:StaticMeshActor_UAID_08BFB8A7114EA52A02_1771029887 Label:Box2 SpatiallyLoaded:1 Bounds:IsValid=true, Min=(X=-1500.000 Y=-1500.000 Z=1975.000), Max=(X=1500.000 Y=1500.000 Z=2025.000) RuntimeGrid:None EditorOnly:0 RuntimeOnly:0 HLODRelevant:1 ListedInSceneOutliner:1 IsMainWorldOnly:0
 |   |   |- Guid:6A2682774C36CA12C4A47995FF5F2F58 BaseClass: NativeClass:/Script/Engine.SkyLight Name:SkyLight_1 Label:SkyLight SpatiallyLoaded:0 Bounds:IsValid=true, Min=(X=0.000 Y=0.000 Z=690.000), Max=(X=0.000 Y=0.000 Z=690.000) RuntimeGrid:None EditorOnly:0 RuntimeOnly:0 HLODRelevant:0 ListedInSceneOutliner:1 IsMainWorldOnly:0 FolderPath:Lighting FolderGuid:963EC3EB4002CCE9759E2EBA541A873A
 |   |   |- Guid:8523C2A641478B5B8283238CF5CBB4CA BaseClass: NativeClass:/Script/Engine.SkyAtmosphere Name:SkyAtmosphere_0 Label:SkyAtmosphere SpatiallyLoaded:0 Bounds:IsValid=true, Min=(X=0.000 Y=0.000 Z=1020.000), Max=(X=0.000 Y=0.000 Z=1020.000) RuntimeGrid:None EditorOnly:0 RuntimeOnly:0 HLODRelevant:0 ListedInSceneOutliner:1 IsMainWorldOnly:0 FolderPath:Lighting FolderGuid:963EC3EB4002CCE9759E2EBA541A873A
 |   |   |- Guid:8C813D52447CC88F1D97779DB6A2517C BaseClass: NativeClass:/Script/Engine.WorldDataLayers Name:WorldDataLayers Label:WorldDataLayers SpatiallyLoaded:0 Bounds:Invalid RuntimeGrid:None EditorOnly:0 RuntimeOnly:0 HLODRelevant:0 ListedInSceneOutliner:1 IsMainWorldOnly:1
 |   |   |- Guid:9C627322413CF6C60004FF812994D618 BaseClass: NativeClass:/Script/Engine.VolumetricCloud Name:VolumetricCloud_0 Label:VolumetricCloud SpatiallyLoaded:0 Bounds:IsValid=true, Min=(X=0.000 Y=0.000 Z=820.000), Max=(X=0.000 Y=0.000 Z=820.000) RuntimeGrid:None EditorOnly:0 RuntimeOnly:0 HLODRelevant:0 ListedInSceneOutliner:1 IsMainWorldOnly:0 FolderPath:Lighting FolderGuid:963EC3EB4002CCE9759E2EBA541A873A
 |   |   |- Guid:A20B02D84AB7F2B299830C9AFBA471AE BaseClass: NativeClass:/Script/Engine.SpotLight Name:SpotLight_UAID_08BFB8A7114EA52A02_2078900891 Label:SpotLight2 SpatiallyLoaded:1 Bounds:IsValid=true, Min=(X=-1432.446 Y=-1432.446 Z=570.531), Max=(X=1432.446 Y=1432.446 Z=3435.423) RuntimeGrid:None EditorOnly:0 RuntimeOnly:0 HLODRelevant:0 ListedInSceneOutliner:1 IsMainWorldOnly:0
 |   |   |- Guid:B14C34E04419412DC44F3189A22C4207 BaseClass: NativeClass:/Script/Engine.SkeletalMeshActor Name:SkeletalMeshActor_UAID_08BFB8A7114EA72A02_1582673245 Label:SKM_Manny_Simple2 SpatiallyLoaded:1 Bounds:IsValid=true, Min=(X=-513.742 Y=-58.763 Z=25.000), Max=(X=-470.467 Y=58.243 Z=205.997) RuntimeGrid:None EditorOnly:0 RuntimeOnly:0 HLODRelevant:0 ListedInSceneOutliner:1 IsMainWorldOnly:0
 |   |   |- Guid:BD95422443B8F9DF00AF8B884E3E61F4 BaseClass: NativeClass:/Script/Engine.PostProcessVolume Name:PostProcessVolume_0 Label:PostProcessVolume SpatiallyLoaded:0 Bounds:IsValid=true, Min=(X=0.000 Y=0.000 Z=400.000), Max=(X=200.000 Y=200.000 Z=600.000) RuntimeGrid:None EditorOnly:0 RuntimeOnly:0 HLODRelevant:0 ListedInSceneOutliner:1 IsMainWorldOnly:0 FolderPath:Lighting FolderGuid:963EC3EB4002CCE9759E2EBA541A873A
 |   |   |- Guid:C46D15EE46112827A25FCCAA4EFE8F55 BaseClass: NativeClass:/Script/Engine.SkeletalMeshActor Name:SkeletalMeshActor_UAID_08BFB8A7114EA72A02_1654250248 Label:SKM_Quinn SpatiallyLoaded:1 Bounds:IsValid=true, Min=(X=-54.801 Y=472.527 Z=25.000), Max=(X=54.190 Y=513.896 Z=206.034) RuntimeGrid:None EditorOnly:0 RuntimeOnly:0 HLODRelevant:0 ListedInSceneOutliner:1 IsMainWorldOnly:0
 |   |   |- Guid:E04024184E43D8F782CD0E859FE1F8E0 BaseClass: NativeClass:/Script/Engine.PlayerStart Name:PlayerStart_UAID_08BFB8A7114E761D02_1886652893 Label:PlayerStart2 SpatiallyLoaded:0 Bounds:IsValid=true, Min=(X=-40.000 Y=-40.000 Z=28.000), Max=(X=40.000 Y=40.000 Z=212.000) RuntimeGrid:None EditorOnly:0 RuntimeOnly:0 HLODRelevant:0 ListedInSceneOutliner:1 IsMainWorldOnly:0
 |   |   |- Guid:EAA984A84EFBA051AB7014B110AF0824 BaseClass: NativeClass:/Script/Engine.SpotLight Name:SpotLight_UAID_08BFB8A7114EA52A02_1994705890 Label:SpotLight SpatiallyLoaded:1 Bounds:IsValid=true, Min=(X=-1432.446 Y=-1432.446 Z=-1409.469), Max=(X=1432.446 Y=1432.446 Z=1455.423) RuntimeGrid:None EditorOnly:0 RuntimeOnly:0 HLODRelevant:0 ListedInSceneOutliner:1 IsMainWorldOnly:0
 |   |- [+] Clusters:
 |   |   |- [+] [  0]
 |   |   |   |- Guid:037044D64CA4C56592CC2DB7130B5B91 BaseClass: NativeClass:/Script/Engine.ExponentialHeightFog Name:ExponentialHeightFog_0 Label:ExponentialHeightFog SpatiallyLoaded:0 Bounds:IsValid=true, Min=(X=-5600.000 Y=-50.000 Z=-6850.000), Max=(X=-5600.000 Y=-50.000 Z=-6850.000) RuntimeGrid:None EditorOnly:0 RuntimeOnly:0 HLODRelevant:0 ListedInSceneOutliner:1 IsMainWorldOnly:0 FolderPath:Lighting FolderGuid:963EC3EB4002CCE9759E2EBA541A873A
 |   |   |- [+] [  1]
 |   |   |   |- Guid:1E07A5D34CCFA05D80EF20A7390C6A3A BaseClass: NativeClass:/Script/Engine.StaticMeshActor Name:StaticMeshActor_UAID_08BFB8A7114E671D02_2017492248 Label:Box SpatiallyLoaded:1 Bounds:IsValid=true, Min=(X=-1500.000 Y=-1500.000 Z=-25.000), Max=(X=1500.000 Y=1500.000 Z=25.000) RuntimeGrid:None EditorOnly:0 RuntimeOnly:0 HLODRelevant:1 ListedInSceneOutliner:1 IsMainWorldOnly:0
 |   |   |- [+] [  2]
 |   |   |   |- Guid:23A9BA254EB27B6122C46D8909FCBA0F BaseClass: NativeClass:/Script/Engine.SkeletalMeshActor Name:SkeletalMeshActor_UAID_08BFB8A7114EA72A02_1675280249 Label:SKM_Quinn2 SpatiallyLoaded:1 Bounds:IsValid=true, Min=(X=-54.190 Y=-513.896 Z=25.000), Max=(X=54.801 Y=-472.527 Z=206.034) RuntimeGrid:None EditorOnly:0 RuntimeOnly:0 HLODRelevant:0 ListedInSceneOutliner:1 IsMainWorldOnly:0
 |   |   |- [+] [  3]
 |   |   |   |- Guid:34A4C3614AB2DAFF3F7D7F8859A5AF8C BaseClass: NativeClass:/Script/Engine.SkeletalMeshActor Name:SkeletalMeshActor_UAID_08BFB8A7114EA72A02_1505432244 Label:SKM_Manny_Simple SpatiallyLoaded:1 Bounds:IsValid=true, Min=(X=470.467 Y=-58.243 Z=25.000), Max=(X=513.742 Y=58.763 Z=205.997) RuntimeGrid:None EditorOnly:0 RuntimeOnly:0 HLODRelevant:0 ListedInSceneOutliner:1 IsMainWorldOnly:0
 |   |   |- [+] [  4]
 |   |   |   |- Guid:446E3EA64EBC9AF38CC7E88B7BA29F9B BaseClass: NativeClass:/Script/Engine.StaticMeshActor Name:StaticMeshActor_UAID_A4AE111137DC5EFB00_1110535423 Label:SM_SkySphere SpatiallyLoaded:0 Bounds:IsValid=true, Min=(X=-1638400.000 Y=-1638400.000 Z=-1638400.000), Max=(X=1638400.000 Y=1638400.000 Z=1638400.000) RuntimeGrid:None EditorOnly:0 RuntimeOnly:0 HLODRelevant:1 ListedInSceneOutliner:1 IsMainWorldOnly:0 FolderPath:Lighting FolderGuid:963EC3EB4002CCE9759E2EBA541A873A
 |   |   |- [+] [  5]
 |   |   |   |- Guid:4623AA7240C2EC5762075FAD3111DA0D BaseClass: NativeClass:/Script/Engine.PlayerStart Name:PlayerStart_UAID_08BFB8A7114E761D02_1863961892 Label:PlayerStart SpatiallyLoaded:0 Bounds:IsValid=true, Min=(X=-40.000 Y=-40.000 Z=2028.000), Max=(X=40.000 Y=40.000 Z=2212.000) RuntimeGrid:None EditorOnly:0 RuntimeOnly:0 HLODRelevant:0 ListedInSceneOutliner:1 IsMainWorldOnly:0
 |   |   |- [+] [  6]
 |   |   |   |- Guid:46A7B336479AAD4FFB6BDB9D96C2F803 BaseClass: NativeClass:/Script/Engine.StaticMeshActor Name:StaticMeshActor_UAID_08BFB8A7114EA52A02_1771029887 Label:Box2 SpatiallyLoaded:1 Bounds:IsValid=true, Min=(X=-1500.000 Y=-1500.000 Z=1975.000), Max=(X=1500.000 Y=1500.000 Z=2025.000) RuntimeGrid:None EditorOnly:0 RuntimeOnly:0 HLODRelevant:1 ListedInSceneOutliner:1 IsMainWorldOnly:0
 |   |   |- [+] [  7]
 |   |   |   |- Guid:6A2682774C36CA12C4A47995FF5F2F58 BaseClass: NativeClass:/Script/Engine.SkyLight Name:SkyLight_1 Label:SkyLight SpatiallyLoaded:0 Bounds:IsValid=true, Min=(X=0.000 Y=0.000 Z=690.000), Max=(X=0.000 Y=0.000 Z=690.000) RuntimeGrid:None EditorOnly:0 RuntimeOnly:0 HLODRelevant:0 ListedInSceneOutliner:1 IsMainWorldOnly:0 FolderPath:Lighting FolderGuid:963EC3EB4002CCE9759E2EBA541A873A
 |   |   |- [+] [  8]
 |   |   |   |- Guid:8523C2A641478B5B8283238CF5CBB4CA BaseClass: NativeClass:/Script/Engine.SkyAtmosphere Name:SkyAtmosphere_0 Label:SkyAtmosphere SpatiallyLoaded:0 Bounds:IsValid=true, Min=(X=0.000 Y=0.000 Z=1020.000), Max=(X=0.000 Y=0.000 Z=1020.000) RuntimeGrid:None EditorOnly:0 RuntimeOnly:0 HLODRelevant:0 ListedInSceneOutliner:1 IsMainWorldOnly:0 FolderPath:Lighting FolderGuid:963EC3EB4002CCE9759E2EBA541A873A
 |   |   |- [+] [  9]
 |   |   |   |- Guid:8C813D52447CC88F1D97779DB6A2517C BaseClass: NativeClass:/Script/Engine.WorldDataLayers Name:WorldDataLayers Label:WorldDataLayers SpatiallyLoaded:0 Bounds:Invalid RuntimeGrid:None EditorOnly:0 RuntimeOnly:0 HLODRelevant:0 ListedInSceneOutliner:1 IsMainWorldOnly:1
 |   |   |- [+] [ 10]
 |   |   |   |- Guid:9C627322413CF6C60004FF812994D618 BaseClass: NativeClass:/Script/Engine.VolumetricCloud Name:VolumetricCloud_0 Label:VolumetricCloud SpatiallyLoaded:0 Bounds:IsValid=true, Min=(X=0.000 Y=0.000 Z=820.000), Max=(X=0.000 Y=0.000 Z=820.000) RuntimeGrid:None EditorOnly:0 RuntimeOnly:0 HLODRelevant:0 ListedInSceneOutliner:1 IsMainWorldOnly:0 FolderPath:Lighting FolderGuid:963EC3EB4002CCE9759E2EBA541A873A
 |   |   |- [+] [ 11]
 |   |   |   |- Guid:A20B02D84AB7F2B299830C9AFBA471AE BaseClass: NativeClass:/Script/Engine.SpotLight Name:SpotLight_UAID_08BFB8A7114EA52A02_2078900891 Label:SpotLight2 SpatiallyLoaded:1 Bounds:IsValid=true, Min=(X=-1432.446 Y=-1432.446 Z=570.531), Max=(X=1432.446 Y=1432.446 Z=3435.423) RuntimeGrid:None EditorOnly:0 RuntimeOnly:0 HLODRelevant:0 ListedInSceneOutliner:1 IsMainWorldOnly:0
 |   |   |- [+] [ 12]
 |   |   |   |- Guid:B14C34E04419412DC44F3189A22C4207 BaseClass: NativeClass:/Script/Engine.SkeletalMeshActor Name:SkeletalMeshActor_UAID_08BFB8A7114EA72A02_1582673245 Label:SKM_Manny_Simple2 SpatiallyLoaded:1 Bounds:IsValid=true, Min=(X=-513.742 Y=-58.763 Z=25.000), Max=(X=-470.467 Y=58.243 Z=205.997) RuntimeGrid:None EditorOnly:0 RuntimeOnly:0 HLODRelevant:0 ListedInSceneOutliner:1 IsMainWorldOnly:0
 |   |   |- [+] [ 13]
 |   |   |   |- Guid:BD95422443B8F9DF00AF8B884E3E61F4 BaseClass: NativeClass:/Script/Engine.PostProcessVolume Name:PostProcessVolume_0 Label:PostProcessVolume SpatiallyLoaded:0 Bounds:IsValid=true, Min=(X=0.000 Y=0.000 Z=400.000), Max=(X=200.000 Y=200.000 Z=600.000) RuntimeGrid:None EditorOnly:0 RuntimeOnly:0 HLODRelevant:0 ListedInSceneOutliner:1 IsMainWorldOnly:0 FolderPath:Lighting FolderGuid:963EC3EB4002CCE9759E2EBA541A873A
 |   |   |- [+] [ 14]
 |   |   |   |- Guid:C46D15EE46112827A25FCCAA4EFE8F55 BaseClass: NativeClass:/Script/Engine.SkeletalMeshActor Name:SkeletalMeshActor_UAID_08BFB8A7114EA72A02_1654250248 Label:SKM_Quinn SpatiallyLoaded:1 Bounds:IsValid=true, Min=(X=-54.801 Y=472.527 Z=25.000), Max=(X=54.190 Y=513.896 Z=206.034) RuntimeGrid:None EditorOnly:0 RuntimeOnly:0 HLODRelevant:0 ListedInSceneOutliner:1 IsMainWorldOnly:0
 |   |   |- [+] [ 15]
 |   |   |   |- Guid:E04024184E43D8F782CD0E859FE1F8E0 BaseClass: NativeClass:/Script/Engine.PlayerStart Name:PlayerStart_UAID_08BFB8A7114E761D02_1886652893 Label:PlayerStart2 SpatiallyLoaded:0 Bounds:IsValid=true, Min=(X=-40.000 Y=-40.000 Z=28.000), Max=(X=40.000 Y=40.000 Z=212.000) RuntimeGrid:None EditorOnly:0 RuntimeOnly:0 HLODRelevant:0 ListedInSceneOutliner:1 IsMainWorldOnly:0
 |   |   |- [+] [ 16]
 |   |   |   |- Guid:EAA984A84EFBA051AB7014B110AF0824 BaseClass: NativeClass:/Script/Engine.SpotLight Name:SpotLight_UAID_08BFB8A7114EA52A02_1994705890 Label:SpotLight SpatiallyLoaded:1 Bounds:IsValid=true, Min=(X=-1432.446 Y=-1432.446 Z=-1409.469), Max=(X=1432.446 Y=1432.446 Z=1455.423) RuntimeGrid:None EditorOnly:0 RuntimeOnly:0 HLODRelevant:0 ListedInSceneOutliner:1 IsMainWorldOnly:0
 |- ContainerInstances:
 |- [+] MainContainer:
 |   |-        ID: 00000000000000000000000000000000
 |   |-  ParentID: 00000000000000000000000000000000
 |   |-    Bounds: IsValid=false, Min=(X=0.000 Y=0.000 Z=0.000), Max=(X=0.000 Y=0.000 Z=0.000)
 |   |- Transform: 0.000000,0.000000,0.000000|0.000000,0.000000,-0.000000|1.000000,1.000000,1.000000
 |   |- Container: /Game/Level/CharacterSelect
----------------------------------------------------------------------------------------------------------------
CharacterSelect - Persistent Level
----------------------------------------------------------------------------------------------------------------
[+] Content of CharacterSelect Persistent Level
 |- Always loaded Actor Count: 24 
 |- Actor Path: /Game/Level/CharacterSelect.CharacterSelect:PersistentLevel.AbstractNavData-Default
 |- Actor Package: /Game/Level/CharacterSelect
 |- Actor Path: /Game/Level/CharacterSelect.CharacterSelect:PersistentLevel.Brush_0
 |- Actor Package: /Game/Level/CharacterSelect
 |- Actor Path: /Game/Level/CharacterSelect.CharacterSelect:PersistentLevel.CharacterSelect_C_1
 |- Actor Package: /Game/Level/CharacterSelect
 |- Actor Path: /Game/Level/CharacterSelect.CharacterSelect:PersistentLevel.DefaultPhysicsVolume_0
 |- Actor Package: /Game/Level/CharacterSelect
 |- Actor Path: /Game/Level/CharacterSelect.CharacterSelect:PersistentLevel.ExponentialHeightFog_0
 |- Actor Package: /Game/__ExternalActors__/Level/CharacterSelect/6/QO/MZZGI68JIJSC3TL93GPMY5
 |- Actor Path: /Game/Level/CharacterSelect.CharacterSelect:PersistentLevel.GameplayDebuggerPlayerManager_0
 |- Actor Package: /Game/Level/CharacterSelect
 |- Actor Path: /Game/Level/CharacterSelect.CharacterSelect:PersistentLevel.PlayerStart_UAID_08BFB8A7114E761D02_1863961892
 |- Actor Package: /Game/__ExternalActors__/Level/CharacterSelect/7/CT/BQLGO3GQ9EO7B460WYKLFO
 |- Actor Path: /Game/Level/CharacterSelect.CharacterSelect:PersistentLevel.PlayerStart_UAID_08BFB8A7114E761D02_1886652893
 |- Actor Package: /Game/__ExternalActors__/Level/CharacterSelect/6/AT/FH3V0X06HUDJLESZWZ8VMS
 |- Actor Path: /Game/Level/CharacterSelect.CharacterSelect:PersistentLevel.PostProcessVolume_0
 |- Actor Package: /Game/__ExternalActors__/Level/CharacterSelect/2/7D/CHDRKH0KTEDJIU4YU4BV7A
 |- Actor Path: /Game/Level/CharacterSelect.CharacterSelect:PersistentLevel.SkeletalMeshActor_UAID_08BFB8A7114EA72A02_1505432244
 |- Actor Package: /Game/__ExternalActors__/Level/CharacterSelect/5/64/7AMJ1246UOUBF9098PQ5DE
 |- Actor Path: /Game/Level/CharacterSelect.CharacterSelect:PersistentLevel.SkeletalMeshActor_UAID_08BFB8A7114EA72A02_1582673245
 |- Actor Package: /Game/__ExternalActors__/Level/CharacterSelect/A/XI/V4FTHKNHTJCHJGX5WFZP96
 |- Actor Path: /Game/Level/CharacterSelect.CharacterSelect:PersistentLevel.SkeletalMeshActor_UAID_08BFB8A7114EA72A02_1654250248
 |- Actor Package: /Game/__ExternalActors__/Level/CharacterSelect/D/TV/79FCI26WTK5GZVL7SEN70N
 |- Actor Path: /Game/Level/CharacterSelect.CharacterSelect:PersistentLevel.SkeletalMeshActor_UAID_08BFB8A7114EA72A02_1675280249
 |- Actor Package: /Game/__ExternalActors__/Level/CharacterSelect/1/06/F3MF0HXIPHP4T2NT99ZLT4
 |- Actor Path: /Game/Level/CharacterSelect.CharacterSelect:PersistentLevel.SkyAtmosphere_0
 |- Actor Package: /Game/__ExternalActors__/Level/CharacterSelect/8/LJ/K7HJPIRACNY6WON38MUKY1
 |- Actor Path: /Game/Level/CharacterSelect.CharacterSelect:PersistentLevel.SkyLight_1
 |- Actor Package: /Game/__ExternalActors__/Level/CharacterSelect/2/96/K8RAFXVZG58JW529HJM29L
 |- Actor Path: /Game/Level/CharacterSelect.CharacterSelect:PersistentLevel.SpotLight_UAID_08BFB8A7114EA52A02_1994705890
 |- Actor Package: /Game/__ExternalActors__/Level/CharacterSelect/3/SG/YG8OWC7A4LL0UJXBU60SK5
 |- Actor Path: /Game/Level/CharacterSelect.CharacterSelect:PersistentLevel.SpotLight_UAID_08BFB8A7114EA52A02_2078900891
 |- Actor Package: /Game/__ExternalActors__/Level/CharacterSelect/0/4T/FWSMR7VJFUQQCCOYSODLP9
 |- Actor Path: /Game/Level/CharacterSelect.CharacterSelect:PersistentLevel.StaticMeshActor_UAID_08BFB8A7114E671D02_2017492248
 |- Actor Package: /Game/__ExternalActors__/Level/CharacterSelect/7/V8/CQLECKURXQ25NUSTS4HD7Y
 |- Actor Path: /Game/Level/CharacterSelect.CharacterSelect:PersistentLevel.StaticMeshActor_UAID_08BFB8A7114EA52A02_1771029887
 |- Actor Package: /Game/__ExternalActors__/Level/CharacterSelect/D/27/KH7F2GFGLT10VUSPZRRUPW
 |- Actor Path: /Game/Level/CharacterSelect.CharacterSelect:PersistentLevel.StaticMeshActor_UAID_A4AE111137DC5EFB00_1110535423
 |- Actor Package: /Game/__ExternalActors__/Level/CharacterSelect/B/X0/1U9DQOCXAOSCC0V4YEERSZ
 |- Actor Path: /Game/Level/CharacterSelect.CharacterSelect:PersistentLevel.VolumetricCloud_0
 |- Actor Package: /Game/__ExternalActors__/Level/CharacterSelect/0/8Q/GGEXZ7S0ZBJGNAIZDGP26V
 |- Actor Path: /Game/Level/CharacterSelect.CharacterSelect:PersistentLevel.WorldDataLayers
 |- Actor Package: /Game/__ExternalActors__/Level/CharacterSelect/D/GB/ANNJPVFJ3P44SW176OEW0H
 |- Actor Path: /Game/Level/CharacterSelect.CharacterSelect:PersistentLevel.WorldInfo_0
 |- Actor Package: /Game/Level/CharacterSelect
 |- Actor Path: /Game/Level/CharacterSelect.CharacterSelect:PersistentLevel.WorldPartitionMiniMap_0
 |- Actor Package: /Game/__ExternalActors__/Level/CharacterSelect/B/C7/TUOHI32RJH5GR821F3I4O5

----------------------------------------------------------------------------------------------------------------
CharacterSelect - Runtime Spatial Hash - Streaming Grid - MainGrid
----------------------------------------------------------------------------------------------------------------
            Origin: X=0.000 Y=0.000 Z=0.000
         Cell Size: 12800
      World Bounds: IsValid=false, Min=(X=0.000 Y=0.000 Z=0.000), Max=(X=0.000 Y=0.000 Z=0.000)
     Loading Range: 25600.00
Block Slow Loading: No
 ClientOnlyVisible: No
            Origin: X=0.000 Y=0.000 Z=0.000

[+] Grid Levels: 1
 |- Level  0: Cell Count    0 | Cell Size   12800 | Actor Count    0 (0.0%)

[+] Content of Grid Level 0

